{"contracts/Voting.sol":{"l":{"44":33,"45":29,"53":3,"57":4,"63":22,"64":21,"66":20,"68":20,"69":20,"76":11,"77":10,"80":9,"81":9,"82":9,"83":9,"89":11,"90":10,"91":9,"93":8,"94":8,"95":8,"98":8,"99":4,"102":8,"109":19,"110":18,"112":18,"113":18,"114":18,"116":18,"120":12,"121":11,"122":11,"126":10,"127":9,"128":9,"132":5,"133":4,"134":4,"138":4,"139":3,"140":3,"147":1,"148":1,"149":1,"150":3,"152":1,"153":1,"155":1,"156":1,"159":1},"path":"/Users/bpresles/CloudLibre/Documents/Formations/Alyra - Blockchain/VotingReact/hardhat/contracts/Voting.sol","s":{"1":33,"2":3,"3":4,"4":22,"5":21,"6":20,"7":20,"8":11,"9":10,"10":9,"11":9,"12":9,"13":11,"14":10,"15":9,"16":8,"17":8,"18":19,"19":18,"20":18,"21":18,"22":12,"23":11,"24":10,"25":9,"26":5,"27":4,"28":4,"29":3,"30":1,"31":1,"32":1},"b":{"1":[29,4],"2":[3,1],"3":[4,1],"4":[22,1],"5":[21,1],"6":[20,1],"7":[11,1],"8":[10,1],"9":[9,1],"10":[11,1],"11":[10,1],"12":[9,1],"13":[8,1],"14":[4,4],"15":[19,1],"16":[18,1],"17":[12,1],"18":[11,1],"19":[10,1],"20":[9,1],"21":[5,1],"22":[4,1],"23":[4,1],"24":[3,1],"25":[1,1]},"f":{"1":33,"2":3,"3":4,"4":22,"5":11,"6":11,"7":19,"8":12,"9":10,"10":5,"11":4,"12":1},"fnMap":{"1":{"name":"onlyVoters","line":43,"loc":{"start":{"line":43,"column":4},"end":{"line":46,"column":4}}},"2":{"name":"getVoter","line":52,"loc":{"start":{"line":52,"column":4},"end":{"line":54,"column":4}}},"3":{"name":"getOneProposal","line":56,"loc":{"start":{"line":56,"column":4},"end":{"line":58,"column":4}}},"4":{"name":"addVoter","line":62,"loc":{"start":{"line":62,"column":4},"end":{"line":70,"column":4}}},"5":{"name":"addProposal","line":75,"loc":{"start":{"line":75,"column":4},"end":{"line":84,"column":4}}},"6":{"name":"setVote","line":88,"loc":{"start":{"line":88,"column":4},"end":{"line":103,"column":4}}},"7":{"name":"startProposalsRegistering","line":108,"loc":{"start":{"line":108,"column":4},"end":{"line":117,"column":4}}},"8":{"name":"endProposalsRegistering","line":119,"loc":{"start":{"line":119,"column":4},"end":{"line":123,"column":4}}},"9":{"name":"startVotingSession","line":125,"loc":{"start":{"line":125,"column":4},"end":{"line":129,"column":4}}},"10":{"name":"endVotingSession","line":131,"loc":{"start":{"line":131,"column":4},"end":{"line":135,"column":4}}},"11":{"name":"tallyVotes","line":137,"loc":{"start":{"line":137,"column":3},"end":{"line":141,"column":4}}},"12":{"name":"resetVotingProcess","line":146,"loc":{"start":{"line":146,"column":4},"end":{"line":160,"column":4}}}},"statementMap":{"1":{"start":{"line":44,"column":8},"end":{"line":44,"column":69}},"2":{"start":{"line":53,"column":8},"end":{"line":53,"column":28}},"3":{"start":{"line":57,"column":8},"end":{"line":57,"column":34}},"4":{"start":{"line":63,"column":8},"end":{"line":63,"column":105}},"5":{"start":{"line":64,"column":8},"end":{"line":64,"column":72}},"6":{"start":{"line":66,"column":8},"end":{"line":66,"column":34}},"7":{"start":{"line":69,"column":8},"end":{"line":69,"column":35}},"8":{"start":{"line":76,"column":8},"end":{"line":76,"column":110}},"9":{"start":{"line":77,"column":8},"end":{"line":77,"column":112}},"10":{"start":{"line":80,"column":8},"end":{"line":80,"column":32}},"11":{"start":{"line":82,"column":8},"end":{"line":82,"column":36}},"12":{"start":{"line":83,"column":8},"end":{"line":83,"column":56}},"13":{"start":{"line":89,"column":8},"end":{"line":89,"column":106}},"14":{"start":{"line":90,"column":8},"end":{"line":90,"column":77}},"15":{"start":{"line":91,"column":8},"end":{"line":91,"column":65}},"16":{"start":{"line":98,"column":8},"end":{"line":98,"column":3220}},"17":{"start":{"line":102,"column":8},"end":{"line":102,"column":35}},"18":{"start":{"line":109,"column":8},"end":{"line":109,"column":111}},"19":{"start":{"line":112,"column":8},"end":{"line":112,"column":32}},"20":{"start":{"line":114,"column":8},"end":{"line":114,"column":36}},"21":{"start":{"line":116,"column":8},"end":{"line":116,"column":112}},"22":{"start":{"line":120,"column":8},"end":{"line":120,"column":121}},"23":{"start":{"line":122,"column":8},"end":{"line":122,"column":121}},"24":{"start":{"line":126,"column":8},"end":{"line":126,"column":122}},"25":{"start":{"line":128,"column":8},"end":{"line":128,"column":113}},"26":{"start":{"line":132,"column":8},"end":{"line":132,"column":106}},"27":{"start":{"line":134,"column":8},"end":{"line":134,"column":105}},"28":{"start":{"line":138,"column":7},"end":{"line":138,"column":112}},"29":{"start":{"line":140,"column":7},"end":{"line":140,"column":96}},"30":{"start":{"line":149,"column":8},"end":{"line":149,"column":5541}},"31":{"start":{"line":155,"column":8},"end":{"line":155,"column":45}},"32":{"start":{"line":156,"column":8},"end":{"line":156,"column":96}}},"branchMap":{"1":{"line":44,"type":"if","locations":[{"start":{"line":44,"column":8},"end":{"line":44,"column":8}},{"start":{"line":44,"column":8},"end":{"line":44,"column":8}}]},"2":{"line":52,"type":"if","locations":[{"start":{"line":52,"column":46},"end":{"line":52,"column":46}},{"start":{"line":52,"column":46},"end":{"line":52,"column":46}}]},"3":{"line":56,"type":"if","locations":[{"start":{"line":56,"column":47},"end":{"line":56,"column":47}},{"start":{"line":56,"column":47},"end":{"line":56,"column":47}}]},"4":{"line":62,"type":"if","locations":[{"start":{"line":62,"column":46},"end":{"line":62,"column":46}},{"start":{"line":62,"column":46},"end":{"line":62,"column":46}}]},"5":{"line":63,"type":"if","locations":[{"start":{"line":63,"column":8},"end":{"line":63,"column":8}},{"start":{"line":63,"column":8},"end":{"line":63,"column":8}}]},"6":{"line":64,"type":"if","locations":[{"start":{"line":64,"column":8},"end":{"line":64,"column":8}},{"start":{"line":64,"column":8},"end":{"line":64,"column":8}}]},"7":{"line":75,"type":"if","locations":[{"start":{"line":75,"column":57},"end":{"line":75,"column":57}},{"start":{"line":75,"column":57},"end":{"line":75,"column":57}}]},"8":{"line":76,"type":"if","locations":[{"start":{"line":76,"column":8},"end":{"line":76,"column":8}},{"start":{"line":76,"column":8},"end":{"line":76,"column":8}}]},"9":{"line":77,"type":"if","locations":[{"start":{"line":77,"column":8},"end":{"line":77,"column":8}},{"start":{"line":77,"column":8},"end":{"line":77,"column":8}}]},"10":{"line":88,"type":"if","locations":[{"start":{"line":88,"column":41},"end":{"line":88,"column":41}},{"start":{"line":88,"column":41},"end":{"line":88,"column":41}}]},"11":{"line":89,"type":"if","locations":[{"start":{"line":89,"column":8},"end":{"line":89,"column":8}},{"start":{"line":89,"column":8},"end":{"line":89,"column":8}}]},"12":{"line":90,"type":"if","locations":[{"start":{"line":90,"column":8},"end":{"line":90,"column":8}},{"start":{"line":90,"column":8},"end":{"line":90,"column":8}}]},"13":{"line":91,"type":"if","locations":[{"start":{"line":91,"column":8},"end":{"line":91,"column":8}},{"start":{"line":91,"column":8},"end":{"line":91,"column":8}}]},"14":{"line":98,"type":"if","locations":[{"start":{"line":98,"column":8},"end":{"line":98,"column":8}},{"start":{"line":98,"column":8},"end":{"line":98,"column":8}}]},"15":{"line":108,"type":"if","locations":[{"start":{"line":108,"column":50},"end":{"line":108,"column":50}},{"start":{"line":108,"column":50},"end":{"line":108,"column":50}}]},"16":{"line":109,"type":"if","locations":[{"start":{"line":109,"column":8},"end":{"line":109,"column":8}},{"start":{"line":109,"column":8},"end":{"line":109,"column":8}}]},"17":{"line":119,"type":"if","locations":[{"start":{"line":119,"column":48},"end":{"line":119,"column":48}},{"start":{"line":119,"column":48},"end":{"line":119,"column":48}}]},"18":{"line":120,"type":"if","locations":[{"start":{"line":120,"column":8},"end":{"line":120,"column":8}},{"start":{"line":120,"column":8},"end":{"line":120,"column":8}}]},"19":{"line":125,"type":"if","locations":[{"start":{"line":125,"column":43},"end":{"line":125,"column":43}},{"start":{"line":125,"column":43},"end":{"line":125,"column":43}}]},"20":{"line":126,"type":"if","locations":[{"start":{"line":126,"column":8},"end":{"line":126,"column":8}},{"start":{"line":126,"column":8},"end":{"line":126,"column":8}}]},"21":{"line":131,"type":"if","locations":[{"start":{"line":131,"column":41},"end":{"line":131,"column":41}},{"start":{"line":131,"column":41},"end":{"line":131,"column":41}}]},"22":{"line":132,"type":"if","locations":[{"start":{"line":132,"column":8},"end":{"line":132,"column":8}},{"start":{"line":132,"column":8},"end":{"line":132,"column":8}}]},"23":{"line":137,"type":"if","locations":[{"start":{"line":137,"column":34},"end":{"line":137,"column":34}},{"start":{"line":137,"column":34},"end":{"line":137,"column":34}}]},"24":{"line":138,"type":"if","locations":[{"start":{"line":138,"column":7},"end":{"line":138,"column":7}},{"start":{"line":138,"column":7},"end":{"line":138,"column":7}}]},"25":{"line":146,"type":"if","locations":[{"start":{"line":146,"column":43},"end":{"line":146,"column":43}},{"start":{"line":146,"column":43},"end":{"line":146,"column":43}}]}}}}