{"contracts/Voting.sol":{"l":{"42":27,"43":23,"51":3,"55":4,"59":0,"65":19,"66":18,"68":17,"70":17,"71":17,"78":8,"79":7,"82":6,"83":6,"84":6,"85":6,"91":8,"92":7,"93":6,"95":5,"96":5,"97":5,"100":5,"101":2,"104":5,"111":18,"112":17,"114":17,"115":17,"116":17,"118":17,"122":11,"123":10,"124":10,"128":9,"129":8,"130":8,"134":4,"135":3,"136":3,"140":3,"141":2,"142":2,"149":0,"150":0,"151":0,"152":0,"154":0,"155":0,"157":0,"158":0},"path":"/Users/bpresles/CloudLibre/Documents/Formations/Alyra - Blockchain/VotingReact/hardhat/contracts/Voting.sol","s":{"1":27,"2":3,"3":4,"4":0,"5":19,"6":18,"7":17,"8":17,"9":8,"10":7,"11":6,"12":6,"13":6,"14":8,"15":7,"16":6,"17":5,"18":5,"19":18,"20":17,"21":17,"22":17,"23":11,"24":10,"25":9,"26":8,"27":4,"28":3,"29":3,"30":2,"31":0,"32":0,"33":0},"b":{"1":[23,4],"2":[3,1],"3":[4,1],"4":[0,0],"5":[19,1],"6":[18,1],"7":[17,1],"8":[8,1],"9":[7,1],"10":[6,1],"11":[8,1],"12":[7,1],"13":[6,1],"14":[5,1],"15":[2,3],"16":[18,1],"17":[17,1],"18":[11,1],"19":[10,1],"20":[9,1],"21":[8,1],"22":[4,1],"23":[3,1],"24":[3,1],"25":[2,1],"26":[0,0]},"f":{"1":27,"2":3,"3":4,"4":0,"5":19,"6":8,"7":8,"8":18,"9":11,"10":9,"11":4,"12":3,"13":0},"fnMap":{"1":{"name":"onlyVoters","line":41,"loc":{"start":{"line":41,"column":4},"end":{"line":44,"column":4}}},"2":{"name":"getVoter","line":50,"loc":{"start":{"line":50,"column":4},"end":{"line":52,"column":4}}},"3":{"name":"getOneProposal","line":54,"loc":{"start":{"line":54,"column":4},"end":{"line":56,"column":4}}},"4":{"name":"getAllProposals","line":58,"loc":{"start":{"line":58,"column":4},"end":{"line":60,"column":4}}},"5":{"name":"addVoter","line":64,"loc":{"start":{"line":64,"column":4},"end":{"line":72,"column":4}}},"6":{"name":"addProposal","line":77,"loc":{"start":{"line":77,"column":4},"end":{"line":86,"column":4}}},"7":{"name":"setVote","line":90,"loc":{"start":{"line":90,"column":4},"end":{"line":105,"column":4}}},"8":{"name":"startProposalsRegistering","line":110,"loc":{"start":{"line":110,"column":4},"end":{"line":119,"column":4}}},"9":{"name":"endProposalsRegistering","line":121,"loc":{"start":{"line":121,"column":4},"end":{"line":125,"column":4}}},"10":{"name":"startVotingSession","line":127,"loc":{"start":{"line":127,"column":4},"end":{"line":131,"column":4}}},"11":{"name":"endVotingSession","line":133,"loc":{"start":{"line":133,"column":4},"end":{"line":137,"column":4}}},"12":{"name":"tallyVotes","line":139,"loc":{"start":{"line":139,"column":3},"end":{"line":143,"column":4}}},"13":{"name":"resetVotingProcess","line":148,"loc":{"start":{"line":148,"column":4},"end":{"line":159,"column":4}}}},"statementMap":{"1":{"start":{"line":42,"column":8},"end":{"line":42,"column":69}},"2":{"start":{"line":51,"column":8},"end":{"line":51,"column":28}},"3":{"start":{"line":55,"column":8},"end":{"line":55,"column":34}},"4":{"start":{"line":59,"column":8},"end":{"line":59,"column":29}},"5":{"start":{"line":65,"column":8},"end":{"line":65,"column":105}},"6":{"start":{"line":66,"column":8},"end":{"line":66,"column":72}},"7":{"start":{"line":68,"column":8},"end":{"line":68,"column":34}},"8":{"start":{"line":71,"column":8},"end":{"line":71,"column":35}},"9":{"start":{"line":78,"column":8},"end":{"line":78,"column":110}},"10":{"start":{"line":79,"column":8},"end":{"line":79,"column":112}},"11":{"start":{"line":82,"column":8},"end":{"line":82,"column":32}},"12":{"start":{"line":84,"column":8},"end":{"line":84,"column":36}},"13":{"start":{"line":85,"column":8},"end":{"line":85,"column":56}},"14":{"start":{"line":91,"column":8},"end":{"line":91,"column":106}},"15":{"start":{"line":92,"column":8},"end":{"line":92,"column":77}},"16":{"start":{"line":93,"column":8},"end":{"line":93,"column":65}},"17":{"start":{"line":100,"column":8},"end":{"line":100,"column":3262}},"18":{"start":{"line":104,"column":8},"end":{"line":104,"column":35}},"19":{"start":{"line":111,"column":8},"end":{"line":111,"column":111}},"20":{"start":{"line":114,"column":8},"end":{"line":114,"column":32}},"21":{"start":{"line":116,"column":8},"end":{"line":116,"column":36}},"22":{"start":{"line":118,"column":8},"end":{"line":118,"column":112}},"23":{"start":{"line":122,"column":8},"end":{"line":122,"column":121}},"24":{"start":{"line":124,"column":8},"end":{"line":124,"column":121}},"25":{"start":{"line":128,"column":8},"end":{"line":128,"column":122}},"26":{"start":{"line":130,"column":8},"end":{"line":130,"column":113}},"27":{"start":{"line":134,"column":8},"end":{"line":134,"column":106}},"28":{"start":{"line":136,"column":8},"end":{"line":136,"column":105}},"29":{"start":{"line":140,"column":7},"end":{"line":140,"column":112}},"30":{"start":{"line":142,"column":7},"end":{"line":142,"column":96}},"31":{"start":{"line":151,"column":8},"end":{"line":151,"column":5583}},"32":{"start":{"line":157,"column":8},"end":{"line":157,"column":45}},"33":{"start":{"line":158,"column":8},"end":{"line":158,"column":96}}},"branchMap":{"1":{"line":42,"type":"if","locations":[{"start":{"line":42,"column":8},"end":{"line":42,"column":8}},{"start":{"line":42,"column":8},"end":{"line":42,"column":8}}]},"2":{"line":50,"type":"if","locations":[{"start":{"line":50,"column":46},"end":{"line":50,"column":46}},{"start":{"line":50,"column":46},"end":{"line":50,"column":46}}]},"3":{"line":54,"type":"if","locations":[{"start":{"line":54,"column":47},"end":{"line":54,"column":47}},{"start":{"line":54,"column":47},"end":{"line":54,"column":47}}]},"4":{"line":58,"type":"if","locations":[{"start":{"line":58,"column":40},"end":{"line":58,"column":40}},{"start":{"line":58,"column":40},"end":{"line":58,"column":40}}]},"5":{"line":64,"type":"if","locations":[{"start":{"line":64,"column":46},"end":{"line":64,"column":46}},{"start":{"line":64,"column":46},"end":{"line":64,"column":46}}]},"6":{"line":65,"type":"if","locations":[{"start":{"line":65,"column":8},"end":{"line":65,"column":8}},{"start":{"line":65,"column":8},"end":{"line":65,"column":8}}]},"7":{"line":66,"type":"if","locations":[{"start":{"line":66,"column":8},"end":{"line":66,"column":8}},{"start":{"line":66,"column":8},"end":{"line":66,"column":8}}]},"8":{"line":77,"type":"if","locations":[{"start":{"line":77,"column":57},"end":{"line":77,"column":57}},{"start":{"line":77,"column":57},"end":{"line":77,"column":57}}]},"9":{"line":78,"type":"if","locations":[{"start":{"line":78,"column":8},"end":{"line":78,"column":8}},{"start":{"line":78,"column":8},"end":{"line":78,"column":8}}]},"10":{"line":79,"type":"if","locations":[{"start":{"line":79,"column":8},"end":{"line":79,"column":8}},{"start":{"line":79,"column":8},"end":{"line":79,"column":8}}]},"11":{"line":90,"type":"if","locations":[{"start":{"line":90,"column":41},"end":{"line":90,"column":41}},{"start":{"line":90,"column":41},"end":{"line":90,"column":41}}]},"12":{"line":91,"type":"if","locations":[{"start":{"line":91,"column":8},"end":{"line":91,"column":8}},{"start":{"line":91,"column":8},"end":{"line":91,"column":8}}]},"13":{"line":92,"type":"if","locations":[{"start":{"line":92,"column":8},"end":{"line":92,"column":8}},{"start":{"line":92,"column":8},"end":{"line":92,"column":8}}]},"14":{"line":93,"type":"if","locations":[{"start":{"line":93,"column":8},"end":{"line":93,"column":8}},{"start":{"line":93,"column":8},"end":{"line":93,"column":8}}]},"15":{"line":100,"type":"if","locations":[{"start":{"line":100,"column":8},"end":{"line":100,"column":8}},{"start":{"line":100,"column":8},"end":{"line":100,"column":8}}]},"16":{"line":110,"type":"if","locations":[{"start":{"line":110,"column":50},"end":{"line":110,"column":50}},{"start":{"line":110,"column":50},"end":{"line":110,"column":50}}]},"17":{"line":111,"type":"if","locations":[{"start":{"line":111,"column":8},"end":{"line":111,"column":8}},{"start":{"line":111,"column":8},"end":{"line":111,"column":8}}]},"18":{"line":121,"type":"if","locations":[{"start":{"line":121,"column":48},"end":{"line":121,"column":48}},{"start":{"line":121,"column":48},"end":{"line":121,"column":48}}]},"19":{"line":122,"type":"if","locations":[{"start":{"line":122,"column":8},"end":{"line":122,"column":8}},{"start":{"line":122,"column":8},"end":{"line":122,"column":8}}]},"20":{"line":127,"type":"if","locations":[{"start":{"line":127,"column":43},"end":{"line":127,"column":43}},{"start":{"line":127,"column":43},"end":{"line":127,"column":43}}]},"21":{"line":128,"type":"if","locations":[{"start":{"line":128,"column":8},"end":{"line":128,"column":8}},{"start":{"line":128,"column":8},"end":{"line":128,"column":8}}]},"22":{"line":133,"type":"if","locations":[{"start":{"line":133,"column":41},"end":{"line":133,"column":41}},{"start":{"line":133,"column":41},"end":{"line":133,"column":41}}]},"23":{"line":134,"type":"if","locations":[{"start":{"line":134,"column":8},"end":{"line":134,"column":8}},{"start":{"line":134,"column":8},"end":{"line":134,"column":8}}]},"24":{"line":139,"type":"if","locations":[{"start":{"line":139,"column":34},"end":{"line":139,"column":34}},{"start":{"line":139,"column":34},"end":{"line":139,"column":34}}]},"25":{"line":140,"type":"if","locations":[{"start":{"line":140,"column":7},"end":{"line":140,"column":7}},{"start":{"line":140,"column":7},"end":{"line":140,"column":7}}]},"26":{"line":148,"type":"if","locations":[{"start":{"line":148,"column":43},"end":{"line":148,"column":43}},{"start":{"line":148,"column":43},"end":{"line":148,"column":43}}]}}}}